<?xml version="1.0" encoding="utf-8"?><testsuites><testsuite errors="0" failures="2" hostname="LAPTOP-ECGH8FIR" name="pytest" skipped="0" tests="7" time="2.794" timestamp="2020-05-08T22:09:37.624520"><testcase classname="test_submit" file="test_submit.py" line="3" name="test_q1" time="0.003"></testcase><testcase classname="test_submit" file="test_submit.py" line="8" name="test_q2" time="0.004"></testcase><testcase classname="test_submit" file="test_submit.py" line="13" name="test_q3" time="0.008"></testcase><testcase classname="test_submit" file="test_submit.py" line="18" name="test_q4" time="0.004"></testcase><testcase classname="test_submit" file="test_submit.py" line="23" name="test_q5" time="0.008"><failure message="assert True == False
  -True
  +False">E   assert True == False
      -True
      +False</failure></testcase><testcase classname="test_submit" file="test_submit.py" line="28" name="test_q6" time="0.007"><failure message="assert False == True
  -False
  +True">E   assert False == True
      -False
      +True</failure></testcase><testcase classname="test_submit" file="test_submit.py" line="33" name="test_q7" time="0.006"></testcase></testsuite></testsuites>